<?xml version="1.0" encoding="UTF-8"?>
<testsuite name="ohtuesimerkki.StatisticsTest" tests="6" skipped="0" failures="0" errors="0" timestamp="2017-03-26T18:23:10" hostname="fuxi16" time="0.007">
  <properties/>
  <testcase name="testiSearch1" classname="ohtuesimerkki.StatisticsTest" time="0.003"/>
  <testcase name="testiSearch2" classname="ohtuesimerkki.StatisticsTest" time="0.0"/>
  <testcase name="testiSearch3" classname="ohtuesimerkki.StatisticsTest" time="0.0"/>
  <testcase name="testTeam1" classname="ohtuesimerkki.StatisticsTest" time="0.001"/>
  <testcase name="testiTop1" classname="ohtuesimerkki.StatisticsTest" time="0.0"/>
  <testcase name="testiTop2" classname="ohtuesimerkki.StatisticsTest" time="0.0"/>
  <system-out><![CDATA[]]></system-out>
  <system-err><![CDATA[]]></system-err>
</testsuite>
